  main.cpp
m:\sfmltest\sfmlgame\sfmlgame\main.cpp(133): warning C4244: 'argument': conversion from '::size_t' to 'float', possible loss of data
m:\sfmltest\sfmlgame\sfmlgame\main.cpp(140): warning C4244: 'argument': conversion from 'unsigned int' to 'float', possible loss of data
m:\sfmltest\sfmlgame\sfmlgame\main.cpp(146): warning C4244: 'argument': conversion from 'unsigned int' to 'float', possible loss of data
m:\sfmltest\sfmlgame\sfmlgame\main.cpp(214): warning C4244: 'argument': conversion from 'int' to 'float', possible loss of data
m:\sfmltest\sfmlgame\sfmlgame\main.cpp(307): warning C4553: '==': operator has no effect; did you intend '='?
m:\sfmltest\sfmlgame\sfmlgame\main.cpp(349): warning C4553: '==': operator has no effect; did you intend '='?
m:\sfmltest\sfmlgame\sfmlgame\main.cpp(388): warning C4553: '==': operator has no effect; did you intend '='?
m:\sfmltest\sfmlgame\sfmlgame\main.cpp(444): warning C4244: '+=': conversion from 'float' to 'int', possible loss of data
m:\sfmltest\sfmlgame\sfmlgame\main.cpp(445): warning C4244: '+=': conversion from 'float' to 'int', possible loss of data
m:\sfmltest\sfmlgame\sfmlgame\main.cpp(476): warning C4244: 'argument': conversion from 'int' to 'float', possible loss of data
m:\sfmltest\sfmlgame\sfmlgame\main.cpp(236): warning C4101: 'msg': unreferenced local variable
m:\sfmltest\sfmlgame\sfmlgame\main.cpp(251): warning C4101: 'msg2': unreferenced local variable
m:\sfmltest\sfmlgame\sfmlgame\main.cpp(268): warning C4101: 'msg': unreferenced local variable
m:\sfmltest\sfmlgame\sfmlgame\main.cpp(427): warning C4101: 'msg': unreferenced local variable
m:\sfmltest\sfmlgame\sfmlgame\main.cpp(555): warning C4244: 'argument': conversion from 'int' to 'float', possible loss of data
m:\sfmltest\sfmlgame\sfmlgame\main.cpp(618): warning C4244: 'argument': conversion from 'int' to 'float', possible loss of data
m:\sfmltest\sfmlgame\sfmlgame\main.cpp(624): warning C4244: 'argument': conversion from 'int' to 'float', possible loss of data
m:\sfmltest\sfmlgame\sfmlgame\main.cpp(626): warning C4244: 'argument': conversion from 'int' to 'float', possible loss of data
m:\sfmltest\sfmlgame\sfmlgame\main.cpp(638): warning C4244: 'argument': conversion from 'int' to 'float', possible loss of data
m:\sfmltest\sfmlgame\sfmlgame\main.cpp(675): warning C4244: 'argument': conversion from 'int' to 'float', possible loss of data
m:\sfmltest\sfmlgame\sfmlgame\main.cpp(684): warning C4244: 'argument': conversion from 'int' to 'float', possible loss of data
m:\sfmltest\sfmlgame\sfmlgame\main.cpp(776): warning C4244: 'argument': conversion from 'int' to 'float', possible loss of data
m:\sfmltest\sfmlgame\sfmlgame\main.cpp(843): warning C4101: 'msg': unreferenced local variable
m:\sfmltest\sfmlgame\sfmlgame\main.cpp(925): warning C4244: 'initializing': conversion from 'int' to 'float', possible loss of data
m:\sfmltest\sfmlgame\sfmlgame\main.cpp(926): warning C4244: 'initializing': conversion from 'int' to 'float', possible loss of data
m:\sfmltest\sfmlgame\sfmlgame\main.cpp(961): warning C4553: '==': operator has no effect; did you intend '='?
m:\sfmltest\sfmlgame\sfmlgame\main.cpp(923): warning C4101: 'msg': unreferenced local variable
  SFMLGAME.vcxproj -> M:\SFMLTEST\SFMLGAME\Debug\SFMLGAME.exe
